<?xml version="1.0" encoding="UTF-8"?>
<testsuite xmlns:xsi="http://www.w3.org/2001/XMLSchema-instance" xsi:noNamespaceSchemaLocation="https://maven.apache.org/surefire/maven-surefire-plugin/xsd/surefire-test-report-3.0.xsd" version="3.0" name="TestSuite" time="0.588" tests="9" errors="0" skipped="0" failures="0">
  <properties>
    <property name="java.specification.version" value="23"/>
    <property name="sun.cpu.isalist" value="amd64"/>
    <property name="sun.jnu.encoding" value="Cp1252"/>
    <property name="java.class.path" value="C:\Users\BhanuChander\eclipse-workspace\csv-comparator\target\test-classes;C:\Users\BhanuChander\eclipse-workspace\csv-comparator\target\classes;C:\Users\BhanuChander\.m2\repository\com\opencsv\opencsv\5.7.1\opencsv-5.7.1.jar;C:\Users\BhanuChander\.m2\repository\org\apache\commons\commons-lang3\3.12.0\commons-lang3-3.12.0.jar;C:\Users\BhanuChander\.m2\repository\org\apache\commons\commons-text\1.10.0\commons-text-1.10.0.jar;C:\Users\BhanuChander\.m2\repository\commons-beanutils\commons-beanutils\1.9.4\commons-beanutils-1.9.4.jar;C:\Users\BhanuChander\.m2\repository\commons-logging\commons-logging\1.2\commons-logging-1.2.jar;C:\Users\BhanuChander\.m2\repository\commons-collections\commons-collections\3.2.2\commons-collections-3.2.2.jar;C:\Users\BhanuChander\.m2\repository\org\apache\commons\commons-collections4\4.4\commons-collections4-4.4.jar;C:\Users\BhanuChander\.m2\repository\org\testng\testng\7.8.0\testng-7.8.0.jar;C:\Users\BhanuChander\.m2\repository\com\beust\jcommander\1.82\jcommander-1.82.jar;C:\Users\BhanuChander\.m2\repository\org\webjars\jquery\3.6.1\jquery-3.6.1.jar;C:\Users\BhanuChander\.m2\repository\ch\qos\logback\logback-classic\1.4.11\logback-classic-1.4.11.jar;C:\Users\BhanuChander\.m2\repository\ch\qos\logback\logback-core\1.4.11\logback-core-1.4.11.jar;C:\Users\BhanuChander\.m2\repository\org\slf4j\slf4j-api\2.0.7\slf4j-api-2.0.7.jar;"/>
    <property name="java.vm.vendor" value="Oracle Corporation"/>
    <property name="sun.arch.data.model" value="64"/>
    <property name="user.variant" value=""/>
    <property name="java.vendor.url" value="https://java.oracle.com/"/>
    <property name="user.timezone" value="America/Toronto"/>
    <property name="os.name" value="Windows 11"/>
    <property name="java.vm.specification.version" value="23"/>
    <property name="sun.java.launcher" value="SUN_STANDARD"/>
    <property name="user.country" value="CA"/>
    <property name="sun.boot.library.path" value="C:\Program Files\Java\jdk-23\bin"/>
    <property name="sun.java.command" value="C:\Users\BhanuChander\AppData\Local\Temp\surefire8066636180131851158\surefirebooter-20250208004621094_3.jar C:\Users\BhanuChander\AppData\Local\Temp\surefire8066636180131851158 2025-02-08T00-46-20_986-jvmRun1 surefire-20250208004621094_1tmp surefire_0-20250208004621094_2tmp"/>
    <property name="jdk.debug" value="release"/>
    <property name="surefire.test.class.path" value="C:\Users\BhanuChander\eclipse-workspace\csv-comparator\target\test-classes;C:\Users\BhanuChander\eclipse-workspace\csv-comparator\target\classes;C:\Users\BhanuChander\.m2\repository\com\opencsv\opencsv\5.7.1\opencsv-5.7.1.jar;C:\Users\BhanuChander\.m2\repository\org\apache\commons\commons-lang3\3.12.0\commons-lang3-3.12.0.jar;C:\Users\BhanuChander\.m2\repository\org\apache\commons\commons-text\1.10.0\commons-text-1.10.0.jar;C:\Users\BhanuChander\.m2\repository\commons-beanutils\commons-beanutils\1.9.4\commons-beanutils-1.9.4.jar;C:\Users\BhanuChander\.m2\repository\commons-logging\commons-logging\1.2\commons-logging-1.2.jar;C:\Users\BhanuChander\.m2\repository\commons-collections\commons-collections\3.2.2\commons-collections-3.2.2.jar;C:\Users\BhanuChander\.m2\repository\org\apache\commons\commons-collections4\4.4\commons-collections4-4.4.jar;C:\Users\BhanuChander\.m2\repository\org\testng\testng\7.8.0\testng-7.8.0.jar;C:\Users\BhanuChander\.m2\repository\com\beust\jcommander\1.82\jcommander-1.82.jar;C:\Users\BhanuChander\.m2\repository\org\webjars\jquery\3.6.1\jquery-3.6.1.jar;C:\Users\BhanuChander\.m2\repository\ch\qos\logback\logback-classic\1.4.11\logback-classic-1.4.11.jar;C:\Users\BhanuChander\.m2\repository\ch\qos\logback\logback-core\1.4.11\logback-core-1.4.11.jar;C:\Users\BhanuChander\.m2\repository\org\slf4j\slf4j-api\2.0.7\slf4j-api-2.0.7.jar;"/>
    <property name="sun.cpu.endian" value="little"/>
    <property name="user.home" value="C:\Users\BhanuChander"/>
    <property name="user.language" value="en"/>
    <property name="java.specification.vendor" value="Oracle Corporation"/>
    <property name="java.version.date" value="2025-01-21"/>
    <property name="java.home" value="C:\Program Files\Java\jdk-23"/>
    <property name="file.separator" value="\"/>
    <property name="basedir" value="C:\Users\BhanuChander\eclipse-workspace\csv-comparator"/>
    <property name="java.vm.compressedOopsMode" value="Zero based"/>
    <property name="line.separator" value="&#10;"/>
    <property name="java.vm.specification.vendor" value="Oracle Corporation"/>
    <property name="java.specification.name" value="Java Platform API Specification"/>
    <property name="surefire.real.class.path" value="C:\Users\BhanuChander\AppData\Local\Temp\surefire8066636180131851158\surefirebooter-20250208004621094_3.jar"/>
    <property name="user.script" value=""/>
    <property name="sun.management.compiler" value="HotSpot 64-Bit Tiered Compilers"/>
    <property name="java.runtime.version" value="23.0.2+7-58"/>
    <property name="user.name" value="BhanuChander"/>
    <property name="stdout.encoding" value="Cp1252"/>
    <property name="path.separator" value=";"/>
    <property name="os.version" value="10.0"/>
    <property name="java.runtime.name" value="Java(TM) SE Runtime Environment"/>
    <property name="file.encoding" value="UTF-8"/>
    <property name="java.vm.name" value="Java HotSpot(TM) 64-Bit Server VM"/>
    <property name="localRepository" value="C:\Users\BhanuChander\.m2\repository"/>
    <property name="java.vendor.url.bug" value="https://bugreport.java.com/bugreport/"/>
    <property name="java.io.tmpdir" value="C:\Users\BHANUC~1\AppData\Local\Temp\"/>
    <property name="java.version" value="23.0.2"/>
    <property name="user.dir" value="C:\Users\BhanuChander\eclipse-workspace\csv-comparator"/>
    <property name="os.arch" value="amd64"/>
    <property name="java.vm.specification.name" value="Java Virtual Machine Specification"/>
    <property name="sun.os.patch.level" value=""/>
    <property name="native.encoding" value="Cp1252"/>
    <property name="java.library.path" value="C:\Program Files\Java\jdk-23\bin;C:\Windows\Sun\Java\bin;C:\Windows\system32;C:\Windows;C:\Users\BhanuChander\bin;C:\Program Files\Git\mingw64\bin;C:\Program Files\Git\usr\local\bin;C:\Program Files\Git\usr\bin;C:\Program Files\Git\usr\bin;C:\Program Files\Git\mingw64\bin;C:\Program Files\Git\usr\bin;C:\Users\BhanuChander\bin;C:\Program Files\Common Files\Oracle\Java\javapath;C:\Program Files (x86)\Common Files\Oracle\Java\java8path;C:\Program Files (x86)\Common Files\Oracle\Java\javapath;C:\Windows\system32;C:\Windows;C:\Windows\System32\Wbem;C:\Windows\System32\WindowsPowerShell\v1.0;C:\Windows\System32\OpenSSH;C:\Program Files\dotnet;C:\Program Files\Apache\Maven\apache-maven-3.9.9\bin;C:\Program Files\Java\jdk-23\bin;C:\Program Files\Java\jdk-23\bin;C:\Program Files\Git\cmd;C:\Users\BhanuChander\AppData\Local\Programs\Python\Python313\Scripts;C:\Users\BhanuChander\AppData\Local\Programs\Python\Python313;C:\Users\BhanuChander\AppData\Local\Microsoft\WindowsApps;C:\Users\BhanuChander\.dotnet\tools;C:\Program Files\JetBrains\PyCharm Community Edition 2024.3.1.1\bin;C:\Program Files\JetBrains\IntelliJ IDEA 2024.3.2.2\bin;C:\Program Files\Git\usr\bin\vendor_perl;C:\Program Files\Git\usr\bin\core_perl;."/>
    <property name="java.vm.info" value="mixed mode, sharing"/>
    <property name="stderr.encoding" value="Cp1252"/>
    <property name="java.vendor" value="Oracle Corporation"/>
    <property name="java.vm.version" value="23.0.2+7-58"/>
    <property name="sun.io.unicode.encoding" value="UnicodeLittle"/>
    <property name="java.class.version" value="67.0"/>
  </properties>
  <testcase name="testCompareCSVFiles_DifferentColumnOrder" classname="com.csv.comparator.CSVComparatorTest" time="0.02">
    <system-out><![CDATA[00:46:21.681 [main] DEBUG org.testng.TestNG -- suiteXmlPath: "C:\Users\BhanuChander\eclipse-workspace\csv-comparator\testng.xml"
00:46:21.734 [main] WARN org.testng.xml.TestNGContentHandler -- It is strongly recommended to add "<!DOCTYPE suite SYSTEM "https://testng.org/testng-1.0.dtd" >" at the top of the suite file [C:\Users\BhanuChander\eclipse-workspace\csv-comparator\testng.xml] otherwise TestNG may fail or not work as expected.
***************Test Started***************
Comparing file1.csv and file5.csv (same data, different column order)
Difference at row 1, column 1: File1 value: 'ID', File2 value: 'Name'
Difference at row 1, column 2: File1 value: 'Name', File2 value: 'ID'
Difference at row 2, column 1: File1 value: '1', File2 value: 'John'
Difference at row 2, column 2: File1 value: 'John', File2 value: '1'
Difference at row 3, column 1: File1 value: '2', File2 value: 'Alice'
Difference at row 3, column 2: File1 value: 'Alice', File2 value: '2'
Difference at row 4, column 1: File1 value: '3', File2 value: 'Bob'
Difference at row 4, column 2: File1 value: 'Bob', File2 value: '3'
]]></system-out>
  </testcase>
  <testcase name="testCompareCSVFiles_DifferentContent" classname="com.csv.comparator.CSVComparatorTest" time="0.001">
    <system-out><![CDATA[***************Test Completed***************

***************Test Started***************
Comparing file1.csv and file2.csv
Difference at row 3, column 4: File1 value: 'IT', File2 value: 'Finance'
]]></system-out>
  </testcase>
  <testcase name="testCompareCSVFiles_EmptyRows" classname="com.csv.comparator.CSVComparatorTest" time="0">
    <system-out><![CDATA[***************Test Completed***************

***************Test Started***************
Comparing file1.csv and file9.csv (file2 has empty rows)
Difference at row 3, column 2: File1 value: 'Alice', File2 value: ''
Difference at row 3, column 3: File1 value: '30', File2 value: ''
Difference at row 3, column 4: File1 value: 'IT', File2 value: ''
]]></system-out>
  </testcase>
  <testcase name="testCompareCSVFiles_ExtraColumnsInFile2" classname="com.csv.comparator.CSVComparatorTest" time="0">
    <system-out><![CDATA[***************Test Completed***************

***************Test Started***************
Comparing file1.csv and file6.csv (file2 has extra columns)
Difference at row 1, column 5: File1 value: '', File2 value: 'Gender'
Difference at row 2, column 5: File1 value: '', File2 value: 'Male'
Difference at row 3, column 4: File1 value: 'IT', File2 value: 'Finance'
Difference at row 3, column 5: File1 value: '', File2 value: 'Female'
Difference at row 4, column 5: File1 value: '', File2 value: 'Male'
]]></system-out>
  </testcase>
  <testcase name="testCompareCSVFiles_ExtraRowsInFile2" classname="com.csv.comparator.CSVComparatorTest" time="0.002">
    <system-out><![CDATA[***************Test Completed***************

***************Test Started***************
Comparing file1.csv and file7.csv (file2 has extra rows)
Row 5 is missing in the first file.
Difference at row 5, column 1: File1 value: '', File2 value: '4'
Difference at row 5, column 2: File1 value: '', File2 value: 'Charlie'
Difference at row 5, column 3: File1 value: '', File2 value: '22'
Difference at row 5, column 4: File1 value: '', File2 value: 'HR'
]]></system-out>
  </testcase>
  <testcase name="testCompareCSVFiles_IdenticalFiles" classname="com.csv.comparator.CSVComparatorTest" time="0">
    <system-out><![CDATA[***************Test Completed***************

***************Test Started***************
Comparing file1.csv and file1.csv (same content)
]]></system-out>
  </testcase>
  <testcase name="testCompareCSVFiles_MissingColumnInFile2" classname="com.csv.comparator.CSVComparatorTest" time="0.002">
    <system-out><![CDATA[***************Test Completed***************

***************Test Started***************
Comparing file1.csv and file8.csv (file2 is missing a column)
Difference at row 1, column 4: File1 value: 'Department', File2 value: ''
Difference at row 2, column 4: File1 value: 'HR', File2 value: ''
Difference at row 3, column 4: File1 value: 'IT', File2 value: ''
Difference at row 4, column 4: File1 value: 'Marketing', File2 value: ''
]]></system-out>
  </testcase>
  <testcase name="testCompareCSVFiles_MissingRow" classname="com.csv.comparator.CSVComparatorTest" time="0">
    <system-out><![CDATA[***************Test Completed***************

***************Test Started***************
Comparing file1.csv and file4.csv
Row 4 is missing in the second file.
Difference at row 4, column 1: File1 value: '3', File2 value: ''
Difference at row 4, column 2: File1 value: 'Bob', File2 value: ''
Difference at row 4, column 3: File1 value: '28', File2 value: ''
Difference at row 4, column 4: File1 value: 'Marketing', File2 value: ''
]]></system-out>
  </testcase>
  <testcase name="testCompareCSVFiles_SameContent" classname="com.csv.comparator.CSVComparatorTest" time="0">
    <system-out><![CDATA[***************Test Completed***************

***************Test Started***************
Comparing file1.csv and file3.csv
Difference at row 2, column 3: File1 value: '25', File2 value: '26'
]]></system-out>
  </testcase>
</testsuite>