<?xml version="1.0" encoding="UTF-8"?>
<!-- Generated by org.testng.reporters.JUnitReportReporter -->
<testsuite hostname="Bhanu-Chapeau" failures="0" tests="9" name="com.csv.comparator.CSVComparatorTest" time="0.068" errors="0" timestamp="2025-02-08T01:10:50 EST" skipped="0">
  <testcase classname="com.csv.comparator.CSVComparatorTest" name="testCompareCSVFiles_ExtraColumnsInFile2" time="0.005"/>
  <system-out/>
  <testcase classname="com.csv.comparator.CSVComparatorTest" name="testCompareCSVFiles_MissingRow" time="0.005"/>
  <system-out/>
  <testcase classname="com.csv.comparator.CSVComparatorTest" name="testCompareCSVFiles_MissingColumnInFile2" time="0.004"/>
  <system-out/>
  <testcase classname="com.csv.comparator.CSVComparatorTest" name="testCompareCSVFiles_DifferentColumnOrder" time="0.027"/>
  <system-out/>
  <testcase classname="com.csv.comparator.CSVComparatorTest" name="testCompareCSVFiles_IdenticalFiles" time="0.005"/>
  <system-out/>
  <testcase classname="com.csv.comparator.CSVComparatorTest" name="testCompareCSVFiles_ExtraRowsInFile2" time="0.002"/>
  <system-out/>
  <testcase classname="com.csv.comparator.CSVComparatorTest" name="testCompareCSVFiles_SameContent" time="0.005"/>
  <system-out/>
  <testcase classname="com.csv.comparator.CSVComparatorTest" name="testCompareCSVFiles_EmptyRows" time="0.004"/>
  <system-out/>
  <testcase classname="com.csv.comparator.CSVComparatorTest" name="testCompareCSVFiles_DifferentContent" time="0.011"/>
  <system-out/>
</testsuite> <!-- com.csv.comparator.CSVComparatorTest -->
