<?xml version="1.0" encoding="UTF-8"?>
<!-- Generated by org.testng.reporters.JUnitReportReporter -->
<testsuite hostname="Bhanu-Chapeau" failures="0" tests="9" name="com.csv.comparator.CSVComparatorTest" time="0.026" errors="0" timestamp="2025-02-08T00:46:22 EST" skipped="0">
  <testcase classname="com.csv.comparator.CSVComparatorTest" name="testCompareCSVFiles_DifferentColumnOrder" time="0.009"/>
  <testcase classname="com.csv.comparator.CSVComparatorTest" name="testCompareCSVFiles_EmptyRows" time="0.008"/>
  <testcase classname="com.csv.comparator.CSVComparatorTest" name="testCompareCSVFiles_ExtraRowsInFile2" time="0.002"/>
  <testcase classname="com.csv.comparator.CSVComparatorTest" name="testCompareCSVFiles_SameContent" time="0.002"/>
  <testcase classname="com.csv.comparator.CSVComparatorTest" name="testCompareCSVFiles_DifferentContent" time="0.000"/>
  <testcase classname="com.csv.comparator.CSVComparatorTest" name="testCompareCSVFiles_IdenticalFiles" time="0.001"/>
  <testcase classname="com.csv.comparator.CSVComparatorTest" name="testCompareCSVFiles_ExtraColumnsInFile2" time="0.001"/>
  <testcase classname="com.csv.comparator.CSVComparatorTest" name="testCompareCSVFiles_MissingColumnInFile2" time="0.001"/>
  <testcase classname="com.csv.comparator.CSVComparatorTest" name="testCompareCSVFiles_MissingRow" time="0.002"/>
</testsuite> <!-- com.csv.comparator.CSVComparatorTest -->
