<?xml version="1.0" encoding="UTF-8"?>
<!-- Generated by org.testng.reporters.JUnitReportReporter -->
<testsuite hostname="Bhanu-Chapeau" failures="0" tests="14" name="com.csv.comparator.CSVComparatorTest" time="0.053" errors="0" timestamp="2025-02-08T11:36:47 EST" skipped="0">
  <testcase classname="com.csv.comparator.CSVComparatorTest" name="testCompareCSVFiles_Different_Date_Formats" time="0.003"/>
  <testcase classname="com.csv.comparator.CSVComparatorTest" name="testCompareCSVFiles_IdenticalFiles" time="0.001"/>
  <testcase classname="com.csv.comparator.CSVComparatorTest" name="testCompareCSVFiles_Case_Sensitivity_Formats" time="0.019"/>
  <testcase classname="com.csv.comparator.CSVComparatorTest" name="testCompareCSVFiles_SameContent" time="0.002"/>
  <testcase classname="com.csv.comparator.CSVComparatorTest" name="testCompareCSVFiles_MissingColumnInFile2" time="0.002"/>
  <testcase classname="com.csv.comparator.CSVComparatorTest" name="testCompareCSVFiles_Missing_File" time="0.001"/>
  <testcase classname="com.csv.comparator.CSVComparatorTest" name="testCompareCSVFiles_MissingRow" time="0.001"/>
  <testcase classname="com.csv.comparator.CSVComparatorTest" name="testCompareCSVFiles_DifferentContent" time="0.001"/>
  <testcase classname="com.csv.comparator.CSVComparatorTest" name="testCompareCSVFiles_EmptyRows" time="0.001"/>
  <testcase classname="com.csv.comparator.CSVComparatorTest" name="testCompareCSVFiles_Different_Number_Formats" time="0.001"/>
  <testcase classname="com.csv.comparator.CSVComparatorTest" name="testCompareCSVFiles_Extra_Whitespaces_Between_Words" time="0.003"/>
  <testcase classname="com.csv.comparator.CSVComparatorTest" name="testCompareCSVFiles_DifferentColumnOrder" time="0.012"/>
  <testcase classname="com.csv.comparator.CSVComparatorTest" name="testCompareCSVFiles_ExtraColumnsInFile2" time="0.002"/>
  <testcase classname="com.csv.comparator.CSVComparatorTest" name="testCompareCSVFiles_ExtraRowsInFile2" time="0.004"/>
</testsuite> <!-- com.csv.comparator.CSVComparatorTest -->
